2025-06-29 13:14:57,431 - INFO - Found 1217 new emails to process
2025-06-29 13:15:59,160 - INFO - Successfully processed 0 emails
2025-06-29 13:19:08,719 - INFO - Found 1117 new emails to process
2025-06-29 13:21:35,917 - INFO - Successfully processed 0 emails
2025-06-29 13:36:41,337 - INFO - Logging in as nurdaulet.xamit.bk@gmail.com
2025-06-29 13:36:43,317 - INFO - Found 1773 emails (processing first 50)
2025-06-29 13:36:43,908 - WARNING - No attachments found in email
2025-06-29 13:36:44,737 - WARNING - No attachments found in email
2025-06-29 13:36:45,585 - WARNING - No attachments found in email
2025-06-29 13:36:46,436 - WARNING - No attachments found in email
2025-06-29 13:36:47,433 - WARNING - No attachments found in email
2025-06-29 13:36:48,301 - WARNING - No attachments found in email
2025-06-29 13:36:49,139 - WARNING - No attachments found in email
2025-06-29 13:36:49,988 - WARNING - No attachments found in email
2025-06-29 13:37:01,535 - WARNING - No attachments found in email
2025-06-29 13:37:02,479 - WARNING - No attachments found in email
2025-06-29 13:37:03,377 - WARNING - No attachments found in email
2025-06-29 13:37:04,238 - WARNING - No attachments found in email
2025-06-29 13:37:05,119 - WARNING - No attachments found in email
2025-06-29 13:37:05,964 - WARNING - No attachments found in email
2025-06-29 13:37:06,803 - WARNING - No attachments found in email
2025-06-29 13:37:07,701 - WARNING - No attachments found in email
2025-06-29 13:37:08,553 - WARNING - No attachments found in email
2025-06-29 13:37:09,390 - WARNING - No attachments found in email
2025-06-29 13:37:10,224 - WARNING - No attachments found in email
2025-06-29 13:37:21,405 - WARNING - No attachments found in email
2025-06-29 13:37:22,257 - WARNING - No attachments found in email
2025-06-29 13:37:23,087 - WARNING - No attachments found in email
2025-06-29 13:37:24,069 - WARNING - No attachments found in email
2025-06-29 13:37:24,897 - WARNING - No attachments found in email
2025-06-29 13:37:25,753 - WARNING - No attachments found in email
2025-06-29 13:37:26,587 - WARNING - No attachments found in email
2025-06-29 13:37:27,418 - WARNING - No attachments found in email
2025-06-29 13:37:28,284 - WARNING - No attachments found in email
2025-06-29 13:37:29,147 - WARNING - No attachments found in email
2025-06-29 13:37:30,018 - WARNING - No attachments found in email
2025-06-29 13:37:30,844 - WARNING - No attachments found in email
2025-06-29 13:37:41,700 - WARNING - No attachments found in email
2025-06-29 13:37:42,553 - WARNING - No attachments found in email
2025-06-29 13:37:55,772 - WARNING - No attachments found in email
2025-06-29 13:37:56,593 - WARNING - No attachments found in email
2025-06-29 13:37:57,460 - WARNING - No attachments found in email
2025-06-29 13:37:58,287 - WARNING - No attachments found in email
2025-06-29 13:37:59,118 - WARNING - No attachments found in email
2025-06-29 13:38:00,020 - WARNING - No attachments found in email
2025-06-29 13:38:00,848 - WARNING - No attachments found in email
2025-06-29 13:38:01,760 - WARNING - No attachments found in email
2025-06-29 13:38:02,670 - WARNING - No attachments found in email
2025-06-29 13:38:03,551 - WARNING - No attachments found in email
2025-06-29 13:38:04,375 - WARNING - No attachments found in email
2025-06-29 13:38:05,197 - WARNING - No attachments found in email
2025-06-29 13:38:06,095 - WARNING - No attachments found in email
2025-06-29 13:38:06,922 - WARNING - No attachments found in email
2025-06-29 13:38:07,824 - WARNING - No attachments found in email
2025-06-29 13:38:08,741 - WARNING - No attachments found in email
2025-06-29 13:38:09,598 - WARNING - No attachments found in email
2025-06-29 13:38:10,109 - INFO - Successfully processed 0 emails
2025-06-29 13:39:14,782 - INFO - Logging in as nurdaulet.xamit.bk@gmail.com
2025-06-29 13:39:17,037 - INFO - Found 1773 emails (processing first 50)
2025-06-29 13:39:17,704 - WARNING - No attachments found in email
2025-06-29 13:39:18,640 - WARNING - No attachments found in email
2025-06-29 13:39:19,505 - WARNING - No attachments found in email
2025-06-29 13:39:20,520 - WARNING - No attachments found in email
2025-06-29 13:39:21,631 - WARNING - No attachments found in email
2025-06-29 13:39:22,564 - WARNING - No attachments found in email
2025-06-29 13:39:23,574 - WARNING - No attachments found in email
2025-06-29 13:39:24,453 - WARNING - No attachments found in email
2025-06-29 13:39:25,355 - WARNING - No attachments found in email
2025-06-29 13:39:26,375 - WARNING - No attachments found in email
2025-06-29 13:39:27,444 - WARNING - No attachments found in email
2025-06-29 13:39:28,480 - WARNING - No attachments found in email
2025-06-29 13:39:29,509 - WARNING - No attachments found in email
2025-06-29 13:39:30,375 - WARNING - No attachments found in email
2025-06-29 13:39:31,273 - WARNING - No attachments found in email
2025-06-29 13:39:32,194 - WARNING - No attachments found in email
2025-06-29 13:39:33,103 - WARNING - No attachments found in email
2025-06-29 13:39:33,983 - WARNING - No attachments found in email
2025-06-29 13:39:34,840 - WARNING - No attachments found in email
2025-06-29 13:39:35,729 - WARNING - No attachments found in email
2025-06-29 13:39:36,821 - WARNING - No attachments found in email
2025-06-29 13:39:37,854 - WARNING - No attachments found in email
2025-06-29 13:39:39,853 - WARNING - No attachments found in email
2025-06-29 13:39:40,677 - WARNING - No attachments found in email
2025-06-29 13:39:41,553 - WARNING - No attachments found in email
2025-06-29 13:39:42,414 - WARNING - No attachments found in email
2025-06-29 13:39:44,152 - WARNING - No attachments found in email
2025-06-29 13:39:45,032 - WARNING - No attachments found in email
2025-06-29 13:39:45,916 - WARNING - No attachments found in email
2025-06-29 13:39:48,013 - WARNING - No attachments found in email
2025-06-29 13:39:48,929 - WARNING - No attachments found in email
2025-06-29 13:39:49,801 - WARNING - No attachments found in email
2025-06-29 13:39:50,673 - WARNING - No attachments found in email
2025-06-29 13:39:52,198 - WARNING - No attachments found in email
2025-06-29 13:39:53,012 - WARNING - No attachments found in email
2025-06-29 13:39:53,925 - WARNING - No attachments found in email
2025-06-29 13:39:54,790 - WARNING - No attachments found in email
2025-06-29 13:39:56,179 - WARNING - No attachments found in email
2025-06-29 13:39:57,107 - WARNING - No attachments found in email
2025-06-29 13:39:57,954 - WARNING - No attachments found in email
2025-06-29 13:40:00,043 - WARNING - No attachments found in email
2025-06-29 13:40:01,110 - WARNING - No attachments found in email
2025-06-29 13:40:01,937 - WARNING - No attachments found in email
2025-06-29 13:40:02,775 - WARNING - No attachments found in email
2025-06-29 13:40:04,289 - WARNING - No attachments found in email
2025-06-29 13:40:05,208 - WARNING - No attachments found in email
2025-06-29 13:40:06,007 - WARNING - No attachments found in email
2025-06-29 13:40:06,886 - WARNING - No attachments found in email
2025-06-29 13:40:08,403 - WARNING - No attachments found in email
2025-06-29 13:40:09,719 - WARNING - No attachments found in email
2025-06-29 13:40:10,221 - INFO - Successfully processed 0 emails
2025-06-29 13:41:13,575 - INFO - Logging in as nurdaulet.xamit.bk@gmail.com
2025-06-29 13:41:15,122 - INFO - Found 1773 emails (processing first 50)
2025-06-29 13:41:15,726 - WARNING - No attachments found in email
2025-06-29 13:41:16,926 - WARNING - No attachments found in email
2025-06-29 13:41:17,817 - WARNING - No attachments found in email
2025-06-29 13:41:18,776 - WARNING - No attachments found in email
2025-06-29 13:41:19,752 - WARNING - No attachments found in email
2025-06-29 13:41:20,859 - WARNING - No attachments found in email
2025-06-29 13:41:21,705 - WARNING - No attachments found in email
2025-06-29 13:41:22,564 - WARNING - No attachments found in email
2025-06-29 13:41:23,423 - WARNING - No attachments found in email
2025-06-29 13:41:24,258 - WARNING - No attachments found in email
2025-06-29 13:41:25,128 - WARNING - No attachments found in email
2025-06-29 13:41:25,972 - WARNING - No attachments found in email
2025-06-29 13:41:26,861 - WARNING - No attachments found in email
2025-06-29 13:41:27,714 - WARNING - No attachments found in email
2025-06-29 13:41:28,612 - WARNING - No attachments found in email
2025-06-29 13:41:29,547 - WARNING - No attachments found in email
2025-06-29 13:41:30,411 - WARNING - No attachments found in email
2025-06-29 13:41:31,277 - WARNING - No attachments found in email
2025-06-29 13:41:32,137 - WARNING - No attachments found in email
2025-06-29 13:41:33,016 - WARNING - No attachments found in email
2025-06-29 13:41:34,059 - WARNING - No attachments found in email
2025-06-29 13:41:34,943 - WARNING - No attachments found in email
2025-06-29 13:41:35,816 - WARNING - No attachments found in email
2025-06-29 13:41:36,696 - WARNING - No attachments found in email
2025-06-29 13:41:37,629 - WARNING - No attachments found in email
2025-06-29 13:41:38,540 - WARNING - No attachments found in email
2025-06-29 13:41:39,817 - WARNING - No attachments found in email
2025-06-29 13:41:40,691 - WARNING - No attachments found in email
2025-06-29 13:41:41,578 - WARNING - No attachments found in email
2025-06-29 13:41:42,441 - WARNING - No attachments found in email
2025-06-29 13:41:43,371 - WARNING - No attachments found in email
2025-06-29 13:41:44,252 - WARNING - No attachments found in email
2025-06-29 13:41:45,177 - WARNING - No attachments found in email
2025-06-29 13:41:46,026 - WARNING - No attachments found in email
2025-06-29 13:41:46,888 - WARNING - No attachments found in email
2025-06-29 13:41:47,738 - WARNING - No attachments found in email
2025-06-29 13:41:48,710 - WARNING - No attachments found in email
2025-06-29 13:41:49,584 - WARNING - No attachments found in email
2025-06-29 13:41:50,595 - WARNING - No attachments found in email
2025-06-29 13:41:51,463 - WARNING - No attachments found in email
2025-06-29 13:41:52,476 - WARNING - No attachments found in email
2025-06-29 13:41:53,397 - WARNING - No attachments found in email
2025-06-29 13:41:54,283 - WARNING - No attachments found in email
2025-06-29 13:41:55,136 - WARNING - No attachments found in email
2025-06-29 13:41:56,056 - WARNING - No attachments found in email
2025-06-29 13:41:56,957 - WARNING - No attachments found in email
2025-06-29 13:41:58,281 - WARNING - No attachments found in email
2025-06-29 13:41:59,342 - WARNING - No attachments found in email
2025-06-29 13:42:00,352 - WARNING - No attachments found in email
2025-06-29 13:42:01,500 - WARNING - No attachments found in email
2025-06-29 13:42:02,004 - INFO - Successfully processed 0 emails
2025-06-29 13:44:57,887 - INFO - Logging in as nurdaulet.xamit.bk@gmail.com
2025-06-29 13:45:00,163 - INFO - Found 1773 emails (processing first 50)
2025-06-29 13:45:00,792 - WARNING - No attachments found in email
2025-06-29 13:45:01,661 - WARNING - No attachments found in email
2025-06-29 13:45:02,545 - WARNING - No attachments found in email
2025-06-29 13:45:03,411 - WARNING - No attachments found in email
2025-06-29 13:45:04,445 - WARNING - No attachments found in email
2025-06-29 13:45:05,347 - WARNING - No attachments found in email
2025-06-29 13:45:06,223 - WARNING - No attachments found in email
2025-06-29 13:45:07,122 - WARNING - No attachments found in email
2025-06-29 13:45:07,991 - WARNING - No attachments found in email
2025-06-29 13:45:09,111 - WARNING - No attachments found in email
2025-06-29 13:45:10,015 - WARNING - No attachments found in email
2025-06-29 13:45:11,109 - WARNING - No attachments found in email
2025-06-29 13:45:11,966 - WARNING - No attachments found in email
2025-06-29 13:45:12,826 - WARNING - No attachments found in email
2025-06-29 13:45:13,666 - WARNING - No attachments found in email
2025-06-29 13:45:14,604 - WARNING - No attachments found in email
2025-06-29 13:45:15,609 - WARNING - No attachments found in email
2025-06-29 13:45:16,471 - WARNING - No attachments found in email
2025-06-29 13:45:17,346 - WARNING - No attachments found in email
2025-06-29 13:45:18,224 - WARNING - No attachments found in email
2025-06-29 13:45:19,134 - WARNING - No attachments found in email
2025-06-29 13:45:20,058 - WARNING - No attachments found in email
2025-06-29 13:45:20,953 - WARNING - No attachments found in email
2025-06-29 13:45:21,819 - WARNING - No attachments found in email
2025-06-29 13:45:22,693 - WARNING - No attachments found in email
2025-06-29 13:45:23,850 - WARNING - No attachments found in email
2025-06-29 13:45:24,970 - WARNING - No attachments found in email
2025-06-29 13:45:25,847 - WARNING - No attachments found in email
2025-06-29 13:45:26,728 - WARNING - No attachments found in email
2025-06-29 13:45:27,896 - WARNING - No attachments found in email
2025-06-29 13:45:28,893 - WARNING - No attachments found in email
2025-06-29 13:45:30,169 - WARNING - No attachments found in email
2025-06-29 13:45:31,413 - WARNING - No attachments found in email
2025-06-29 13:45:32,300 - WARNING - No attachments found in email
2025-06-29 13:45:33,126 - WARNING - No attachments found in email
2025-06-29 13:45:34,228 - WARNING - No attachments found in email
2025-06-29 13:45:35,279 - WARNING - No attachments found in email
2025-06-29 13:45:36,091 - WARNING - No attachments found in email
2025-06-29 13:45:37,018 - WARNING - No attachments found in email
2025-06-29 13:45:38,226 - WARNING - No attachments found in email
2025-06-29 13:45:39,219 - WARNING - No attachments found in email
2025-06-29 13:45:40,148 - WARNING - No attachments found in email
2025-06-29 13:45:41,019 - WARNING - No attachments found in email
2025-06-29 13:45:42,189 - WARNING - No attachments found in email
2025-06-29 13:45:43,160 - WARNING - No attachments found in email
2025-06-29 13:45:44,083 - WARNING - No attachments found in email
2025-06-29 13:45:44,937 - WARNING - No attachments found in email
2025-06-29 13:45:46,798 - WARNING - No attachments found in email
2025-06-29 13:45:47,710 - WARNING - No attachments found in email
2025-06-29 13:45:48,586 - WARNING - No attachments found in email
2025-06-29 13:45:49,090 - INFO - Successfully processed 0 emails
2025-06-29 13:46:07,980 - INFO - Logging in as nurdaulet.xamit.bk@gmail.com
2025-06-29 13:46:13,414 - INFO - Mailbox cleanup completed
2025-06-29 13:48:24,369 - INFO - Logging in as nurdaulet.xamit.bk@gmail.com
2025-06-29 13:48:26,423 - INFO - Found 1773 emails (processing first 50)
2025-06-29 13:48:27,020 - WARNING - No attachments found in email
2025-06-29 13:48:27,901 - WARNING - No attachments found in email
2025-06-29 13:48:28,804 - WARNING - No attachments found in email
2025-06-29 13:48:29,645 - WARNING - No attachments found in email
2025-06-29 13:48:30,769 - WARNING - No attachments found in email
2025-06-29 13:48:31,670 - WARNING - No attachments found in email
2025-06-29 13:48:32,719 - WARNING - No attachments found in email
2025-06-29 13:48:33,579 - WARNING - No attachments found in email
2025-06-29 13:48:34,745 - WARNING - No attachments found in email
2025-06-29 13:48:35,575 - WARNING - No attachments found in email
2025-06-29 13:48:36,449 - WARNING - No attachments found in email
2025-06-29 13:48:37,291 - WARNING - No attachments found in email
2025-06-29 13:48:38,133 - WARNING - No attachments found in email
2025-06-29 13:48:39,240 - WARNING - No attachments found in email
2025-06-29 13:48:40,103 - WARNING - No attachments found in email
2025-06-29 13:48:41,394 - WARNING - No attachments found in email
2025-06-29 13:48:42,301 - WARNING - No attachments found in email
2025-06-29 13:48:43,178 - WARNING - No attachments found in email
2025-06-29 13:48:44,025 - WARNING - No attachments found in email
2025-06-29 13:48:44,880 - WARNING - No attachments found in email
2025-06-29 13:48:45,945 - WARNING - No attachments found in email
2025-06-29 13:48:46,789 - WARNING - No attachments found in email
2025-06-29 13:48:47,672 - WARNING - No attachments found in email
2025-06-29 13:48:48,503 - WARNING - No attachments found in email
2025-06-29 13:48:49,478 - WARNING - No attachments found in email
2025-06-29 13:48:50,497 - WARNING - No attachments found in email
2025-06-29 13:48:51,344 - WARNING - No attachments found in email
2025-06-29 13:48:52,232 - WARNING - No attachments found in email
2025-06-29 13:48:53,107 - WARNING - No attachments found in email
2025-06-29 13:48:53,978 - WARNING - No attachments found in email
2025-06-29 13:48:54,958 - WARNING - No attachments found in email
2025-06-29 13:48:55,813 - WARNING - No attachments found in email
2025-06-29 13:48:56,708 - WARNING - No attachments found in email
2025-06-29 13:48:57,572 - WARNING - No attachments found in email
2025-06-29 13:48:58,453 - WARNING - No attachments found in email
2025-06-29 13:48:59,427 - WARNING - No attachments found in email
2025-06-29 13:49:00,293 - WARNING - No attachments found in email
2025-06-29 13:49:01,165 - WARNING - No attachments found in email
2025-06-29 13:49:02,096 - WARNING - No attachments found in email
2025-06-29 13:49:02,927 - WARNING - No attachments found in email
2025-06-29 13:49:03,938 - WARNING - No attachments found in email
2025-06-29 13:49:04,884 - WARNING - No attachments found in email
2025-06-29 13:49:05,716 - WARNING - No attachments found in email
2025-06-29 13:49:06,534 - WARNING - No attachments found in email
2025-06-29 13:49:07,497 - WARNING - No attachments found in email
2025-06-29 13:49:08,393 - WARNING - No attachments found in email
2025-06-29 13:49:09,216 - WARNING - No attachments found in email
2025-06-29 13:49:10,403 - WARNING - No attachments found in email
2025-06-29 13:49:11,388 - WARNING - No attachments found in email
2025-06-29 13:49:12,293 - WARNING - No attachments found in email
2025-06-29 13:49:12,799 - INFO - Successfully processed 0 emails
2025-06-29 13:50:34,528 - INFO - Logging in as nurdaulet.xamit.bk@gmail.com
2025-06-29 13:50:36,602 - INFO - Found 1733 emails (processing first 50)
2025-06-29 13:50:37,212 - WARNING - No attachments found in email
2025-06-29 13:50:38,223 - WARNING - No attachments found in email
2025-06-29 13:50:39,378 - WARNING - No attachments found in email
2025-06-29 13:50:40,231 - WARNING - No attachments found in email
2025-06-29 13:50:41,213 - WARNING - No attachments found in email
2025-06-29 13:50:42,121 - WARNING - No attachments found in email
2025-06-29 13:50:43,277 - WARNING - No attachments found in email
2025-06-29 13:50:44,151 - WARNING - No attachments found in email
2025-06-29 13:50:45,151 - WARNING - No attachments found in email
2025-06-29 13:50:46,068 - WARNING - No attachments found in email
2025-06-29 13:50:46,930 - WARNING - No attachments found in email
2025-06-29 13:50:47,808 - WARNING - No attachments found in email
2025-06-29 13:50:48,677 - WARNING - No attachments found in email
2025-06-29 13:50:49,662 - WARNING - No attachments found in email
2025-06-29 13:50:50,524 - WARNING - No attachments found in email
2025-06-29 13:50:51,448 - WARNING - No attachments found in email
2025-06-29 13:50:52,343 - WARNING - No attachments found in email
2025-06-29 13:50:53,202 - WARNING - No attachments found in email
2025-06-29 13:50:54,121 - WARNING - No attachments found in email
2025-06-29 13:50:55,104 - WARNING - No attachments found in email
2025-06-29 13:50:55,991 - WARNING - No attachments found in email
2025-06-29 13:50:56,897 - WARNING - No attachments found in email
2025-06-29 13:50:57,729 - WARNING - No attachments found in email
2025-06-29 13:50:58,641 - WARNING - No attachments found in email
2025-06-29 13:50:59,505 - WARNING - No attachments found in email
2025-06-29 13:51:00,396 - WARNING - No attachments found in email
2025-06-29 13:51:01,312 - WARNING - No attachments found in email
2025-06-29 13:51:02,163 - WARNING - No attachments found in email
2025-06-29 13:51:03,018 - WARNING - No attachments found in email
2025-06-29 13:51:03,912 - WARNING - No attachments found in email
2025-06-29 13:51:04,773 - WARNING - No attachments found in email
2025-06-29 13:51:05,636 - WARNING - No attachments found in email
2025-06-29 13:51:06,534 - WARNING - No attachments found in email
2025-06-29 13:51:07,517 - WARNING - No attachments found in email
2025-06-29 13:51:08,439 - WARNING - No attachments found in email
2025-06-29 13:51:09,344 - WARNING - No attachments found in email
2025-06-29 13:51:10,246 - WARNING - No attachments found in email
2025-06-29 13:51:11,121 - WARNING - No attachments found in email
2025-06-29 13:51:12,040 - WARNING - No attachments found in email
2025-06-29 13:51:12,906 - WARNING - No attachments found in email
2025-06-29 13:51:13,820 - WARNING - No attachments found in email
2025-06-29 13:51:14,760 - WARNING - No attachments found in email
2025-06-29 13:51:15,602 - WARNING - No attachments found in email
2025-06-29 13:51:16,537 - WARNING - No attachments found in email
2025-06-29 13:51:17,422 - WARNING - No attachments found in email
2025-06-29 13:51:18,320 - WARNING - No attachments found in email
2025-06-29 13:51:19,193 - WARNING - No attachments found in email
2025-06-29 13:51:20,054 - WARNING - No attachments found in email
2025-06-29 13:51:20,939 - WARNING - No attachments found in email
2025-06-29 13:51:21,822 - WARNING - No attachments found in email
2025-06-29 13:51:22,332 - INFO - Successfully processed 0 emails
2025-06-29 13:53:02,441 - INFO - Logging in as nurdaulet.xamit.bk@gmail.com
2025-06-29 13:53:05,629 - INFO - Found 1729 emails (processing first 50)
2025-06-29 13:53:06,299 - WARNING - No attachments found in email
2025-06-29 13:53:07,346 - WARNING - No attachments found in email
2025-06-29 13:53:09,061 - WARNING - No attachments found in email
2025-06-29 13:53:09,890 - WARNING - No attachments found in email
2025-06-29 13:53:10,768 - WARNING - No attachments found in email
2025-06-29 13:53:11,690 - WARNING - No attachments found in email
2025-06-29 13:53:13,415 - WARNING - No attachments found in email
2025-06-29 13:53:14,279 - WARNING - No attachments found in email
2025-06-29 13:53:15,200 - WARNING - No attachments found in email
2025-06-29 13:53:17,277 - WARNING - No attachments found in email
2025-06-29 13:53:18,210 - WARNING - No attachments found in email
2025-06-29 13:53:19,091 - WARNING - No attachments found in email
2025-06-29 13:53:19,975 - WARNING - No attachments found in email
2025-06-29 13:53:21,639 - WARNING - No attachments found in email
2025-06-29 13:53:22,511 - WARNING - No attachments found in email
2025-06-29 13:53:23,504 - WARNING - No attachments found in email
2025-06-29 13:53:25,245 - WARNING - No attachments found in email
2025-06-29 13:53:26,147 - WARNING - No attachments found in email
2025-06-29 13:53:27,109 - WARNING - No attachments found in email
2025-06-29 13:53:28,088 - WARNING - No attachments found in email
2025-06-29 13:53:29,582 - WARNING - No attachments found in email
2025-06-29 13:53:30,565 - WARNING - No attachments found in email
2025-06-29 13:53:31,416 - WARNING - No attachments found in email
2025-06-29 13:53:33,520 - WARNING - No attachments found in email
2025-06-29 13:53:34,408 - WARNING - No attachments found in email
2025-06-29 13:53:35,285 - WARNING - No attachments found in email
2025-06-29 13:53:36,225 - WARNING - No attachments found in email
2025-06-29 13:53:37,739 - WARNING - No attachments found in email
2025-06-29 13:53:38,615 - WARNING - No attachments found in email
2025-06-29 13:53:39,554 - WARNING - No attachments found in email
2025-06-29 13:53:41,480 - WARNING - No attachments found in email
2025-06-29 13:53:42,374 - WARNING - No attachments found in email
2025-06-29 13:53:43,296 - WARNING - No attachments found in email
2025-06-29 13:53:44,165 - WARNING - No attachments found in email
2025-06-29 13:53:45,825 - WARNING - No attachments found in email
2025-06-29 13:53:46,772 - WARNING - No attachments found in email
2025-06-29 13:53:47,649 - WARNING - No attachments found in email
2025-06-29 13:53:49,471 - WARNING - No attachments found in email
2025-06-29 13:53:50,324 - WARNING - No attachments found in email
2025-06-29 13:53:51,168 - WARNING - No attachments found in email
2025-06-29 13:53:52,034 - WARNING - No attachments found in email
2025-06-29 13:53:53,842 - WARNING - No attachments found in email
2025-06-29 13:53:54,711 - WARNING - No attachments found in email
2025-06-29 13:53:55,591 - WARNING - No attachments found in email
2025-06-29 13:53:57,595 - WARNING - No attachments found in email
2025-06-29 13:53:58,591 - WARNING - No attachments found in email
2025-06-29 13:53:59,755 - WARNING - No attachments found in email
2025-06-29 13:54:01,654 - WARNING - No attachments found in email
2025-06-29 13:54:02,549 - WARNING - No attachments found in email
2025-06-29 13:54:03,430 - WARNING - No attachments found in email
2025-06-29 13:54:03,945 - INFO - Successfully processed 0 emails
2025-06-29 13:54:48,281 - INFO - Logging in as nurdaulet.xamit.bk@gmail.com
2025-06-29 13:54:50,386 - INFO - Found 1729 emails (processing first 50)
2025-06-29 13:54:51,147 - WARNING - No attachments found in email
2025-06-29 13:54:52,217 - WARNING - No attachments found in email
2025-06-29 13:54:53,046 - WARNING - No attachments found in email
2025-06-29 13:54:53,890 - WARNING - No attachments found in email
2025-06-29 13:54:54,743 - WARNING - No attachments found in email
2025-06-29 13:54:55,755 - WARNING - No attachments found in email
2025-06-29 13:55:06,814 - WARNING - No attachments found in email
2025-06-29 13:55:07,709 - WARNING - No attachments found in email
2025-06-29 13:55:08,645 - WARNING - No attachments found in email
2025-06-29 13:55:09,506 - WARNING - No attachments found in email
2025-06-29 13:55:10,401 - WARNING - No attachments found in email
2025-06-29 13:55:11,322 - WARNING - No attachments found in email
2025-06-29 13:55:12,209 - WARNING - No attachments found in email
2025-06-29 13:55:13,253 - WARNING - No attachments found in email
2025-06-29 13:55:14,131 - WARNING - No attachments found in email
2025-06-29 13:55:15,096 - WARNING - No attachments found in email
2025-06-29 13:55:16,008 - WARNING - No attachments found in email
2025-06-29 13:55:27,088 - WARNING - No attachments found in email
2025-06-29 13:55:28,019 - WARNING - No attachments found in email
2025-06-29 13:55:28,988 - WARNING - No attachments found in email
2025-06-29 13:55:29,883 - WARNING - No attachments found in email
2025-06-29 13:55:30,778 - WARNING - No attachments found in email
2025-06-29 13:55:31,614 - WARNING - No attachments found in email
2025-06-29 13:55:32,529 - WARNING - No attachments found in email
2025-06-29 13:55:33,414 - WARNING - No attachments found in email
2025-06-29 13:55:34,300 - WARNING - No attachments found in email
2025-06-29 13:55:35,282 - WARNING - No attachments found in email
2025-06-29 13:55:36,149 - WARNING - No attachments found in email
2025-06-29 13:55:47,199 - WARNING - No attachments found in email
2025-06-29 13:55:48,065 - WARNING - No attachments found in email
2025-06-29 13:55:49,297 - WARNING - No attachments found in email
2025-06-29 13:56:01,176 - WARNING - No attachments found in email
2025-06-29 13:56:02,165 - WARNING - No attachments found in email
2025-06-29 13:56:03,037 - WARNING - No attachments found in email
2025-06-29 13:56:03,974 - WARNING - No attachments found in email
2025-06-29 13:56:04,878 - WARNING - No attachments found in email
2025-06-29 13:56:05,696 - WARNING - No attachments found in email
2025-06-29 13:56:06,532 - WARNING - No attachments found in email
2025-06-29 13:56:07,538 - WARNING - No attachments found in email
2025-06-29 13:56:08,376 - WARNING - No attachments found in email
2025-06-29 13:56:09,260 - WARNING - No attachments found in email
2025-06-29 13:56:10,137 - WARNING - No attachments found in email
2025-06-29 13:56:11,022 - WARNING - No attachments found in email
2025-06-29 13:56:11,913 - WARNING - No attachments found in email
2025-06-29 13:56:12,776 - WARNING - No attachments found in email
2025-06-29 13:56:13,673 - WARNING - No attachments found in email
2025-06-29 13:56:14,565 - WARNING - No attachments found in email
2025-06-29 13:56:15,410 - WARNING - No attachments found in email
2025-06-29 13:56:27,335 - WARNING - No attachments found in email
2025-06-29 13:56:28,226 - WARNING - No attachments found in email
2025-06-29 13:56:28,740 - INFO - Successfully processed 0 emails
2025-06-29 15:13:38,480 - INFO - Logging in as nurdaulet.xamit.bk@gmail.com
2025-06-29 15:13:40,570 - INFO - Found 1188 emails (processing first 50)
2025-06-29 15:13:41,384 - WARNING - No attachments found in email
2025-06-29 15:13:42,263 - WARNING - No attachments found in email
2025-06-29 15:13:43,211 - WARNING - No attachments found in email
2025-06-29 15:13:44,209 - WARNING - No attachments found in email
2025-06-29 15:13:45,081 - WARNING - No attachments found in email
2025-06-29 15:13:46,451 - WARNING - No attachments found in email
2025-06-29 15:13:47,468 - WARNING - No attachments found in email
2025-06-29 15:13:48,577 - WARNING - No attachments found in email
2025-06-29 15:13:49,471 - WARNING - No attachments found in email
2025-06-29 15:13:50,382 - WARNING - No attachments found in email
2025-06-29 15:13:51,285 - WARNING - No attachments found in email
2025-06-29 15:13:52,170 - WARNING - No attachments found in email
2025-06-29 15:13:53,117 - WARNING - No attachments found in email
2025-06-29 15:13:54,073 - WARNING - No attachments found in email
2025-06-29 15:13:54,971 - WARNING - No attachments found in email
2025-06-29 15:13:55,845 - WARNING - No attachments found in email
2025-06-29 15:13:56,730 - WARNING - No attachments found in email
2025-06-29 15:13:57,566 - WARNING - No attachments found in email
2025-06-29 15:13:58,428 - WARNING - No attachments found in email
2025-06-29 15:13:59,333 - WARNING - No attachments found in email
2025-06-29 15:14:00,162 - WARNING - No attachments found in email
2025-06-29 15:14:01,050 - WARNING - No attachments found in email
2025-06-29 15:14:02,003 - WARNING - No attachments found in email
2025-06-29 15:14:02,926 - WARNING - No attachments found in email
2025-06-29 15:14:03,779 - WARNING - No attachments found in email
2025-06-29 15:14:04,669 - WARNING - No attachments found in email
2025-06-29 15:14:05,487 - WARNING - No attachments found in email
2025-06-29 15:14:06,528 - WARNING - No attachments found in email
2025-06-29 15:14:07,429 - WARNING - No attachments found in email
2025-06-29 15:14:08,275 - WARNING - No attachments found in email
2025-06-29 15:14:09,130 - WARNING - No attachments found in email
2025-06-29 15:14:10,192 - WARNING - No attachments found in email
2025-06-29 15:14:11,488 - WARNING - No attachments found in email
2025-06-29 15:14:12,403 - WARNING - No attachments found in email
2025-06-29 15:14:13,577 - WARNING - No attachments found in email
2025-06-29 15:14:14,584 - WARNING - No attachments found in email
2025-06-29 15:14:15,491 - WARNING - No attachments found in email
2025-06-29 15:14:16,724 - WARNING - No attachments found in email
2025-06-29 15:14:17,636 - WARNING - No attachments found in email
2025-06-29 15:14:18,664 - WARNING - No attachments found in email
2025-06-29 15:14:19,660 - WARNING - No attachments found in email
2025-06-29 15:14:20,576 - WARNING - No attachments found in email
2025-06-29 15:14:21,460 - WARNING - No attachments found in email
2025-06-29 15:14:22,340 - WARNING - No attachments found in email
2025-06-29 15:14:23,370 - WARNING - No attachments found in email
2025-06-29 15:14:24,247 - WARNING - No attachments found in email
2025-06-29 15:14:25,497 - WARNING - No attachments found in email
2025-06-29 15:14:26,645 - WARNING - No attachments found in email
2025-06-29 15:14:27,734 - WARNING - No attachments found in email
2025-06-29 15:14:28,807 - WARNING - No attachments found in email
2025-06-29 15:14:29,309 - INFO - Successfully processed 0 emails
2025-06-29 15:14:52,336 - INFO - Logging in as nurdaulet.xamit.bk@gmail.com
2025-06-29 15:14:54,483 - INFO - Found 1036 emails (processing first 50)
2025-06-29 15:14:55,510 - WARNING - No attachments found in email
2025-06-29 15:14:56,446 - WARNING - No attachments found in email
2025-06-29 15:14:57,629 - WARNING - No attachments found in email
2025-06-29 15:14:58,580 - WARNING - No attachments found in email
2025-06-29 15:14:59,479 - WARNING - No attachments found in email
2025-06-29 15:15:00,510 - WARNING - No attachments found in email
2025-06-29 15:15:01,437 - WARNING - No attachments found in email
2025-06-29 15:15:02,379 - WARNING - No attachments found in email
2025-06-29 15:15:03,274 - WARNING - No attachments found in email
2025-06-29 15:15:04,422 - WARNING - No attachments found in email
2025-06-29 15:15:05,264 - WARNING - No attachments found in email
2025-06-29 15:15:06,533 - WARNING - No attachments found in email
2025-06-29 15:15:07,570 - WARNING - No attachments found in email
2025-06-29 15:15:08,815 - WARNING - No attachments found in email
2025-06-29 15:15:09,699 - WARNING - No attachments found in email
2025-06-29 15:15:10,533 - WARNING - No attachments found in email
2025-06-29 15:15:11,369 - WARNING - No attachments found in email
2025-06-29 15:15:12,245 - WARNING - No attachments found in email
2025-06-29 15:15:13,397 - WARNING - No attachments found in email
2025-06-29 15:15:14,193 - WARNING - No attachments found in email
2025-06-29 15:15:15,045 - WARNING - No attachments found in email
2025-06-29 15:15:16,003 - WARNING - No attachments found in email
2025-06-29 15:15:16,965 - WARNING - No attachments found in email
2025-06-29 15:15:18,159 - WARNING - No attachments found in email
2025-06-29 15:15:19,026 - WARNING - No attachments found in email
2025-06-29 15:15:20,039 - WARNING - No attachments found in email
2025-06-29 15:15:20,886 - WARNING - No attachments found in email
2025-06-29 15:15:21,785 - WARNING - No attachments found in email
2025-06-29 15:15:22,649 - WARNING - No attachments found in email
2025-06-29 15:15:23,464 - WARNING - No attachments found in email
2025-06-29 15:15:24,473 - WARNING - No attachments found in email
2025-06-29 15:15:25,470 - WARNING - No attachments found in email
2025-06-29 15:15:26,401 - WARNING - No attachments found in email
2025-06-29 15:15:27,259 - WARNING - No attachments found in email
2025-06-29 15:15:28,296 - WARNING - No attachments found in email
2025-06-29 15:15:29,246 - WARNING - No attachments found in email
2025-06-29 15:15:30,135 - WARNING - No attachments found in email
2025-06-29 15:15:31,173 - WARNING - No attachments found in email
2025-06-29 15:15:32,202 - WARNING - No attachments found in email
2025-06-29 15:15:33,505 - WARNING - No attachments found in email
2025-06-29 15:15:34,410 - WARNING - No attachments found in email
2025-06-29 15:15:35,309 - WARNING - No attachments found in email
2025-06-29 15:15:36,154 - WARNING - No attachments found in email
2025-06-29 15:15:36,999 - WARNING - No attachments found in email
2025-06-29 15:15:37,919 - WARNING - No attachments found in email
2025-06-29 15:15:38,809 - WARNING - No attachments found in email
2025-06-29 15:15:40,195 - WARNING - No attachments found in email
2025-06-29 15:15:41,074 - WARNING - No attachments found in email
2025-06-29 15:15:41,944 - WARNING - No attachments found in email
2025-06-29 15:15:42,840 - WARNING - No attachments found in email
2025-06-29 15:15:43,349 - INFO - Successfully processed 0 emails
2025-06-29 15:15:55,060 - INFO - Logging in as nurdaulet.xamit.bk@gmail.com
2025-06-29 15:15:57,173 - INFO - Found 986 emails (processing first 50)
2025-06-29 15:15:58,210 - WARNING - No attachments found in email
2025-06-29 15:15:59,438 - WARNING - No attachments found in email
2025-06-29 15:16:00,354 - WARNING - No attachments found in email
2025-06-29 15:16:01,296 - WARNING - No attachments found in email
2025-06-29 15:16:02,324 - WARNING - No attachments found in email
2025-06-29 15:16:03,469 - WARNING - No attachments found in email
2025-06-29 15:16:04,727 - WARNING - No attachments found in email
2025-06-29 15:16:05,948 - WARNING - No attachments found in email
2025-06-29 15:16:06,848 - WARNING - No attachments found in email
2025-06-29 15:16:07,794 - WARNING - No attachments found in email
2025-06-29 15:16:08,833 - WARNING - No attachments found in email
2025-06-29 15:16:09,931 - WARNING - No attachments found in email
2025-06-29 15:16:11,265 - WARNING - No attachments found in email
2025-06-29 15:16:12,560 - WARNING - No attachments found in email
2025-06-29 15:16:13,748 - WARNING - No attachments found in email
2025-06-29 15:16:14,579 - WARNING - No attachments found in email
2025-06-29 15:16:15,447 - WARNING - No attachments found in email
2025-06-29 15:16:16,643 - WARNING - No attachments found in email
2025-06-29 15:16:17,628 - WARNING - No attachments found in email
2025-06-29 15:16:18,482 - WARNING - No attachments found in email
2025-06-29 15:16:19,368 - WARNING - No attachments found in email
2025-06-29 15:16:20,498 - WARNING - No attachments found in email
2025-06-29 15:16:21,700 - WARNING - No attachments found in email
2025-06-29 15:16:23,013 - WARNING - No attachments found in email
2025-06-29 15:16:24,888 - WARNING - No attachments found in email
2025-06-29 15:16:25,804 - WARNING - No attachments found in email
2025-06-29 15:16:26,628 - WARNING - No attachments found in email
2025-06-29 15:16:27,508 - WARNING - No attachments found in email
2025-06-29 15:16:28,393 - WARNING - No attachments found in email
2025-06-29 15:16:29,222 - WARNING - No attachments found in email
2025-06-29 15:16:30,088 - WARNING - No attachments found in email
2025-06-29 15:16:31,099 - WARNING - No attachments found in email
2025-06-29 15:16:32,295 - WARNING - No attachments found in email
2025-06-29 15:16:33,213 - WARNING - No attachments found in email
2025-06-29 15:16:34,120 - WARNING - No attachments found in email
2025-06-29 15:16:46,395 - WARNING - No attachments found in email
2025-06-29 15:16:47,313 - WARNING - No attachments found in email
2025-06-29 15:16:48,264 - WARNING - No attachments found in email
2025-06-29 15:16:49,157 - WARNING - No attachments found in email
2025-06-29 15:16:50,138 - WARNING - No attachments found in email
2025-06-29 15:16:51,069 - WARNING - No attachments found in email
2025-06-29 15:16:52,025 - WARNING - No attachments found in email
2025-06-29 15:16:52,907 - WARNING - No attachments found in email
2025-06-29 15:16:53,784 - WARNING - No attachments found in email
2025-06-29 15:16:54,743 - WARNING - No attachments found in email
2025-06-29 15:16:55,736 - WARNING - No attachments found in email
2025-06-29 15:16:56,655 - WARNING - No attachments found in email
2025-06-29 15:16:57,539 - WARNING - No attachments found in email
2025-06-29 15:16:58,414 - WARNING - No attachments found in email
2025-06-29 15:16:59,330 - WARNING - No attachments found in email
2025-06-29 15:16:59,843 - INFO - Successfully processed 0 emails
2025-06-29 15:17:12,706 - INFO - Logging in as nurdaulet.xamit.bk@gmail.com
2025-06-29 15:17:14,712 - INFO - Found 851 emails (processing first 50)
2025-06-29 15:17:15,324 - WARNING - No attachments found in email
2025-06-29 15:17:16,295 - WARNING - No attachments found in email
2025-06-29 15:17:17,194 - WARNING - No attachments found in email
2025-06-29 15:17:18,082 - WARNING - No attachments found in email
2025-06-29 15:17:18,978 - WARNING - No attachments found in email
2025-06-29 15:17:19,969 - WARNING - No attachments found in email
2025-06-29 15:17:20,903 - WARNING - No attachments found in email
2025-06-29 15:17:21,764 - WARNING - No attachments found in email
2025-06-29 15:17:22,648 - WARNING - No attachments found in email
2025-06-29 15:17:23,663 - WARNING - No attachments found in email
2025-06-29 15:17:24,551 - WARNING - No attachments found in email
2025-06-29 15:17:25,437 - WARNING - No attachments found in email
2025-06-29 15:17:26,343 - WARNING - No attachments found in email
2025-06-29 15:17:38,825 - WARNING - No attachments found in email
2025-06-29 15:17:39,689 - WARNING - No attachments found in email
2025-06-29 15:17:40,549 - WARNING - No attachments found in email
2025-06-29 15:17:41,430 - WARNING - No attachments found in email
2025-06-29 15:17:42,308 - WARNING - No attachments found in email
2025-06-29 15:17:43,187 - WARNING - No attachments found in email
2025-06-29 15:17:44,072 - WARNING - No attachments found in email
2025-06-29 15:17:44,895 - WARNING - No attachments found in email
2025-06-29 15:17:45,748 - WARNING - No attachments found in email
2025-06-29 15:17:46,757 - WARNING - No attachments found in email
2025-06-29 15:17:48,288 - WARNING - No attachments found in email
2025-06-29 15:17:49,134 - WARNING - No attachments found in email
2025-06-29 15:17:50,014 - WARNING - No attachments found in email
2025-06-29 15:17:50,845 - WARNING - No attachments found in email
2025-06-29 15:17:51,704 - WARNING - No attachments found in email
2025-06-29 15:17:52,580 - WARNING - No attachments found in email
2025-06-29 15:18:04,566 - WARNING - No attachments found in email
2025-06-29 15:18:05,377 - WARNING - No attachments found in email
2025-06-29 15:18:06,795 - WARNING - No attachments found in email
2025-06-29 15:18:07,882 - WARNING - No attachments found in email
2025-06-29 15:18:08,935 - WARNING - No attachments found in email
2025-06-29 15:18:09,919 - WARNING - No attachments found in email
2025-06-29 15:18:11,464 - WARNING - No attachments found in email
2025-06-29 15:18:12,410 - WARNING - No attachments found in email
2025-06-29 15:18:13,541 - WARNING - No attachments found in email
2025-06-29 15:18:14,468 - WARNING - No attachments found in email
2025-06-29 15:18:15,862 - WARNING - No attachments found in email
2025-06-29 15:18:16,732 - WARNING - No attachments found in email
2025-06-29 15:18:17,627 - WARNING - No attachments found in email
2025-06-29 15:18:18,537 - WARNING - No attachments found in email
2025-06-29 15:18:19,431 - WARNING - No attachments found in email
2025-06-29 15:18:20,366 - WARNING - No attachments found in email
2025-06-29 15:18:21,365 - WARNING - No attachments found in email
2025-06-29 15:18:22,258 - WARNING - No attachments found in email
2025-06-29 15:18:23,280 - WARNING - No attachments found in email
2025-06-29 15:18:24,161 - WARNING - No attachments found in email
2025-06-29 15:18:25,163 - WARNING - No attachments found in email
2025-06-29 15:18:25,664 - INFO - Successfully processed 0 emails
2025-06-29 15:18:44,531 - INFO - Logging in as nurdaulet.xamit.bk@gmail.com
2025-06-29 15:18:48,858 - INFO - Mailbox cleanup completed
2025-06-29 15:18:55,551 - INFO - Logging in as nurdaulet.xamit.bk@gmail.com
2025-06-29 15:18:57,666 - INFO - Found 742 emails (processing first 50)
2025-06-29 15:18:58,568 - WARNING - No attachments found in email
2025-06-29 15:18:59,851 - WARNING - No attachments found in email
2025-06-29 15:19:01,011 - WARNING - No attachments found in email
2025-06-29 15:19:01,951 - WARNING - No attachments found in email
2025-06-29 15:19:02,905 - WARNING - No attachments found in email
2025-06-29 15:19:04,060 - WARNING - No attachments found in email
2025-06-29 15:19:05,176 - WARNING - No attachments found in email
2025-06-29 15:19:06,121 - WARNING - No attachments found in email
2025-06-29 15:19:07,001 - WARNING - No attachments found in email
2025-06-29 15:19:07,926 - WARNING - No attachments found in email
2025-06-29 15:19:08,760 - WARNING - No attachments found in email
2025-06-29 15:19:09,651 - WARNING - No attachments found in email
2025-06-29 15:19:10,657 - WARNING - No attachments found in email
2025-06-29 15:19:11,947 - WARNING - No attachments found in email
2025-06-29 15:19:12,812 - WARNING - No attachments found in email
2025-06-29 15:19:13,640 - WARNING - No attachments found in email
2025-06-29 15:19:14,455 - WARNING - No attachments found in email
2025-06-29 15:19:15,291 - WARNING - No attachments found in email
2025-06-29 15:19:16,517 - WARNING - No attachments found in email
2025-06-29 15:19:17,351 - WARNING - No attachments found in email
2025-06-29 15:19:18,195 - WARNING - No attachments found in email
2025-06-29 15:19:19,026 - WARNING - No attachments found in email
2025-06-29 15:19:20,067 - WARNING - No attachments found in email
2025-06-29 15:19:21,291 - WARNING - No attachments found in email
2025-06-29 15:19:22,138 - WARNING - No attachments found in email
2025-06-29 15:19:23,157 - WARNING - No attachments found in email
2025-06-29 15:19:23,982 - WARNING - No attachments found in email
2025-06-29 15:19:24,892 - WARNING - No attachments found in email
2025-06-29 15:19:25,756 - WARNING - No attachments found in email
2025-06-29 15:19:26,580 - WARNING - No attachments found in email
2025-06-29 15:19:27,662 - WARNING - No attachments found in email
2025-06-29 15:19:28,576 - WARNING - No attachments found in email
2025-06-29 15:19:29,498 - WARNING - No attachments found in email
2025-06-29 15:19:30,356 - WARNING - No attachments found in email
2025-06-29 15:19:31,378 - WARNING - No attachments found in email
2025-06-29 15:19:32,486 - WARNING - No attachments found in email
2025-06-29 15:19:33,391 - WARNING - No attachments found in email
2025-06-29 15:19:34,456 - WARNING - No attachments found in email
2025-06-29 15:19:35,372 - WARNING - No attachments found in email
2025-06-29 15:19:36,657 - WARNING - No attachments found in email
2025-06-29 15:19:37,644 - WARNING - No attachments found in email
2025-06-29 15:19:38,582 - WARNING - No attachments found in email
2025-06-29 15:19:39,431 - WARNING - No attachments found in email
2025-06-29 15:19:40,335 - WARNING - No attachments found in email
2025-06-29 15:19:41,471 - WARNING - No attachments found in email
2025-06-29 15:19:42,325 - WARNING - No attachments found in email
2025-06-29 15:19:43,517 - WARNING - No attachments found in email
2025-06-29 15:19:44,412 - WARNING - No attachments found in email
2025-06-29 15:19:45,281 - WARNING - No attachments found in email
2025-06-29 15:19:46,254 - WARNING - No attachments found in email
2025-06-29 15:19:46,756 - INFO - Successfully processed 0 emails
2025-06-29 15:21:33,012 - INFO - Logging in as nurdaulet.xamit.bk@gmail.com
2025-06-29 15:21:35,260 - INFO - Found 49 emails (processing first 50)
2025-06-29 15:21:36,118 - WARNING - No attachments found in email
2025-06-29 15:21:37,023 - WARNING - No attachments found in email
2025-06-29 15:21:37,914 - WARNING - No attachments found in email
2025-06-29 15:21:38,815 - WARNING - No attachments found in email
2025-06-29 15:21:39,882 - WARNING - No attachments found in email
2025-06-29 15:21:41,054 - WARNING - No attachments found in email
2025-06-29 15:21:41,898 - WARNING - No attachments found in email
2025-06-29 15:21:42,880 - WARNING - No attachments found in email
2025-06-29 15:21:43,759 - WARNING - No attachments found in email
2025-06-29 15:21:44,938 - WARNING - No attachments found in email
2025-06-29 15:21:45,819 - WARNING - No attachments found in email
2025-06-29 15:21:46,698 - WARNING - No attachments found in email
2025-06-29 15:21:47,668 - WARNING - No attachments found in email
2025-06-29 15:21:48,579 - WARNING - No attachments found in email
2025-06-29 15:21:49,514 - WARNING - No attachments found in email
2025-06-29 15:21:50,471 - WARNING - No attachments found in email
2025-06-29 15:21:51,332 - WARNING - No attachments found in email
2025-06-29 15:21:52,231 - WARNING - No attachments found in email
2025-06-29 15:21:53,541 - WARNING - No attachments found in email
2025-06-29 15:21:54,463 - WARNING - No attachments found in email
2025-06-29 15:21:55,739 - WARNING - No attachments found in email
2025-06-29 15:21:57,130 - WARNING - No attachments found in email
2025-06-29 15:21:58,167 - WARNING - No attachments found in email
2025-06-29 15:21:59,343 - WARNING - No attachments found in email
2025-06-29 15:22:00,225 - WARNING - No attachments found in email
2025-06-29 15:22:01,107 - WARNING - No attachments found in email
2025-06-29 15:22:02,060 - WARNING - No attachments found in email
2025-06-29 15:22:02,948 - WARNING - No attachments found in email
2025-06-29 15:22:04,229 - WARNING - No attachments found in email
2025-06-29 15:22:05,141 - WARNING - No attachments found in email
2025-06-29 15:22:06,162 - WARNING - No attachments found in email
2025-06-29 15:22:07,124 - WARNING - No attachments found in email
2025-06-29 15:22:08,149 - WARNING - No attachments found in email
2025-06-29 15:22:09,036 - WARNING - No attachments found in email
2025-06-29 15:22:09,906 - WARNING - No attachments found in email
2025-06-29 15:22:10,789 - WARNING - No attachments found in email
2025-06-29 15:22:11,903 - WARNING - No attachments found in email
2025-06-29 15:22:13,153 - WARNING - No attachments found in email
2025-06-29 15:22:15,294 - INFO - Saved attachment: Attachment_1.jpg
2025-06-29 15:22:15,299 - INFO - Saved attachment: Attachment_2_Notice_to___candidates.pdf
2025-06-29 15:22:16,722 - WARNING - No attachments found in email
2025-06-29 15:22:18,139 - INFO - Saved attachment: BAHANDI_Mega_Silk_Way_2024-06-27_12_22_16.726_667d5978f9a3c02af6b255b7.pdf
2025-06-29 15:22:18,140 - INFO - Saved attachment: BAHANDI_Mega_Silk_Way_2024-06-27_12_22_16.726_667d5978f9a3c02af6b255b9.pdf
2025-06-29 15:22:19,415 - WARNING - No attachments found in email
2025-06-29 15:22:20,781 - INFO - Saved attachment: google-gdg-cloud-astana-presents-certification-study-group-professor-akmaral-kuatbayeva-ai-learning-
2025-06-29 15:22:22,074 - WARNING - No attachments found in email
2025-06-29 15:22:23,000 - INFO - Saved attachment: google-gdg-cloud-astana-presents-certification-study-group-professor-akmaral-kuatbayeva-ai-learning-
2025-06-29 15:22:24,436 - INFO - Saved attachment: google-gdg-cloud-astana-presents-google-build-with-ai-fest-2024.ics
2025-06-29 15:22:24,438 - INFO - Saved attachment: GOOGA241190267.pdf
2025-06-29 15:22:26,045 - INFO - Saved attachment: Invoice-E6B44E1D-0001.pdf
2025-06-29 15:22:26,046 - INFO - Saved attachment: Refund-3274-8320.pdf
2025-06-29 15:22:27,425 - INFO - Saved attachment: google-gdg-cloud-astana-presents-certification-study-group-professor-akmaral-kuatbayeva-ai-learning-
2025-06-29 15:22:28,552 - WARNING - No attachments found in email
2025-06-29 15:22:29,062 - INFO - Successfully processed 7 emails
2025-06-29 15:24:06,364 - INFO - Logging in as nurdaulet.xamit.bk@gmail.com
2025-06-29 15:24:08,616 - INFO - Found 49 emails (processing first 50)
2025-06-29 15:24:10,327 - WARNING - No attachments found in email
2025-06-29 15:24:11,316 - WARNING - No attachments found in email
2025-06-29 15:24:12,234 - WARNING - No attachments found in email
2025-06-29 15:24:13,172 - WARNING - No attachments found in email
2025-06-29 15:24:14,900 - WARNING - No attachments found in email
2025-06-29 15:24:15,711 - WARNING - No attachments found in email
2025-06-29 15:24:16,622 - WARNING - No attachments found in email
2025-06-29 15:24:17,973 - WARNING - No attachments found in email
2025-06-29 15:24:19,005 - WARNING - No attachments found in email
2025-06-29 15:24:39,022 - WARNING - No attachments found in email
2025-06-29 15:24:39,924 - WARNING - No attachments found in email
2025-06-29 15:24:50,946 - WARNING - No attachments found in email
2025-06-29 15:24:51,966 - WARNING - No attachments found in email
2025-06-29 15:24:52,915 - WARNING - No attachments found in email
2025-06-29 15:24:53,955 - WARNING - No attachments found in email
2025-06-29 15:24:55,007 - WARNING - No attachments found in email
2025-06-29 15:24:55,899 - WARNING - No attachments found in email
2025-06-29 15:24:56,814 - WARNING - No attachments found in email
2025-06-29 15:24:57,829 - WARNING - No attachments found in email
2025-06-29 15:24:58,783 - WARNING - No attachments found in email
2025-06-29 15:24:59,781 - WARNING - No attachments found in email
2025-06-29 15:25:01,912 - WARNING - No attachments found in email
2025-06-29 15:25:02,890 - WARNING - No attachments found in email
2025-06-29 15:25:03,825 - WARNING - No attachments found in email
2025-06-29 15:25:04,709 - WARNING - No attachments found in email
2025-06-29 15:25:05,741 - WARNING - No attachments found in email
2025-06-29 15:25:06,772 - WARNING - No attachments found in email
2025-06-29 15:25:07,733 - WARNING - No attachments found in email
2025-06-29 15:25:08,804 - WARNING - No attachments found in email
2025-06-29 15:25:09,760 - WARNING - No attachments found in email
2025-06-29 15:25:10,665 - WARNING - No attachments found in email
2025-06-29 15:25:12,471 - WARNING - No attachments found in email
2025-06-29 15:25:13,639 - WARNING - No attachments found in email
2025-06-29 15:25:14,533 - WARNING - No attachments found in email
2025-06-29 15:25:15,413 - WARNING - No attachments found in email
2025-06-29 15:25:16,350 - WARNING - No attachments found in email
2025-06-29 15:25:17,269 - WARNING - No attachments found in email
2025-06-29 15:25:18,164 - WARNING - No attachments found in email
2025-06-29 15:25:19,842 - INFO - Saved attachment: Attachment_1.jpg
2025-06-29 15:25:19,845 - INFO - Saved attachment: Attachment_2_Notice_to___candidates.pdf
2025-06-29 15:25:19,845 - ERROR - Database error: UNIQUE constraint failed: archived_emails.email_id
2025-06-29 15:25:20,870 - WARNING - No attachments found in email
2025-06-29 15:25:21,872 - INFO - Saved attachment: BAHANDI_Mega_Silk_Way_2024-06-27_12_22_16.726_667d5978f9a3c02af6b255b7.pdf
2025-06-29 15:25:21,874 - INFO - Saved attachment: BAHANDI_Mega_Silk_Way_2024-06-27_12_22_16.726_667d5978f9a3c02af6b255b9.pdf
2025-06-29 15:25:21,874 - ERROR - Database error: UNIQUE constraint failed: archived_emails.email_id
2025-06-29 15:25:33,097 - WARNING - No attachments found in email
2025-06-29 15:25:34,235 - INFO - Saved attachment: google-gdg-cloud-astana-presents-certification-study-group-professor-akmaral-kuatbayeva-ai-learning-
2025-06-29 15:25:34,235 - ERROR - Database error: UNIQUE constraint failed: archived_emails.email_id
2025-06-29 15:25:46,993 - WARNING - No attachments found in email
2025-06-29 15:25:48,125 - INFO - Saved attachment: google-gdg-cloud-astana-presents-certification-study-group-professor-akmaral-kuatbayeva-ai-learning-
2025-06-29 15:25:48,125 - ERROR - Database error: UNIQUE constraint failed: archived_emails.email_id
2025-06-29 15:25:49,151 - INFO - Saved attachment: google-gdg-cloud-astana-presents-google-build-with-ai-fest-2024.ics
2025-06-29 15:25:49,152 - INFO - Saved attachment: GOOGA241190267.pdf
2025-06-29 15:25:49,153 - ERROR - Database error: UNIQUE constraint failed: archived_emails.email_id
2025-06-29 15:25:50,168 - INFO - Saved attachment: Invoice-E6B44E1D-0001.pdf
2025-06-29 15:25:50,170 - INFO - Saved attachment: Refund-3274-8320.pdf
2025-06-29 15:25:50,170 - ERROR - Database error: UNIQUE constraint failed: archived_emails.email_id
2025-06-29 15:25:51,065 - INFO - Saved attachment: google-gdg-cloud-astana-presents-certification-study-group-professor-akmaral-kuatbayeva-ai-learning-
2025-06-29 15:25:51,065 - ERROR - Database error: UNIQUE constraint failed: archived_emails.email_id
2025-06-29 15:25:52,069 - WARNING - No attachments found in email
2025-06-29 15:25:52,575 - INFO - Successfully processed 7 emails
2025-06-29 17:57:42,709 - INFO - Logging in as nurdaulet.xamit.bk@gmail.com
2025-06-29 17:58:19,445 - INFO - Mailbox cleanup completed
2025-06-29 17:58:36,128 - INFO - Logging in as nurdaulet.xamit.bk@gmail.com
2025-06-29 17:58:38,219 - INFO - Found 49 emails (processing first 50)
2025-06-29 17:58:39,345 - WARNING - No attachments found in email
2025-06-29 17:58:40,228 - WARNING - No attachments found in email
2025-06-29 17:58:41,402 - WARNING - No attachments found in email
2025-06-29 17:58:42,295 - WARNING - No attachments found in email
2025-06-29 17:58:43,316 - WARNING - No attachments found in email
2025-06-29 17:58:44,142 - WARNING - No attachments found in email
2025-06-29 17:58:44,978 - WARNING - No attachments found in email
2025-06-29 17:58:45,988 - WARNING - No attachments found in email
2025-06-29 17:58:46,881 - WARNING - No attachments found in email
2025-06-29 17:58:47,728 - WARNING - No attachments found in email
2025-06-29 17:58:48,558 - WARNING - No attachments found in email
2025-06-29 17:58:49,402 - WARNING - No attachments found in email
2025-06-29 17:58:50,524 - WARNING - No attachments found in email
2025-06-29 17:58:51,446 - WARNING - No attachments found in email
2025-06-29 17:58:52,303 - WARNING - No attachments found in email
2025-06-29 17:58:53,179 - WARNING - No attachments found in email
2025-06-29 17:58:54,023 - WARNING - No attachments found in email
2025-06-29 17:58:54,910 - WARNING - No attachments found in email
2025-06-29 17:58:55,790 - WARNING - No attachments found in email
2025-06-29 17:58:56,622 - WARNING - No attachments found in email
2025-06-29 17:58:57,468 - WARNING - No attachments found in email
2025-06-29 17:58:58,380 - WARNING - No attachments found in email
2025-06-29 17:58:59,375 - WARNING - No attachments found in email
2025-06-29 17:59:00,304 - WARNING - No attachments found in email
2025-06-29 17:59:01,172 - WARNING - No attachments found in email
2025-06-29 17:59:02,071 - WARNING - No attachments found in email
2025-06-29 17:59:02,958 - WARNING - No attachments found in email
2025-06-29 17:59:03,836 - WARNING - No attachments found in email
2025-06-29 17:59:04,734 - WARNING - No attachments found in email
2025-06-29 17:59:05,686 - WARNING - No attachments found in email
2025-06-29 17:59:06,581 - WARNING - No attachments found in email
2025-06-29 17:59:07,484 - WARNING - No attachments found in email
2025-06-29 17:59:08,641 - WARNING - No attachments found in email
2025-06-29 17:59:09,504 - WARNING - No attachments found in email
2025-06-29 17:59:10,595 - WARNING - No attachments found in email
2025-06-29 17:59:11,477 - WARNING - No attachments found in email
2025-06-29 17:59:12,358 - WARNING - No attachments found in email
2025-06-29 17:59:13,268 - WARNING - No attachments found in email
2025-06-29 17:59:15,256 - INFO - Saved attachment: Attachment_1.jpg
2025-06-29 17:59:15,258 - INFO - Saved attachment: Attachment_2_Notice_to___candidates.pdf
2025-06-29 17:59:15,258 - ERROR - Database error: UNIQUE constraint failed: archived_emails.email_id
2025-06-29 17:59:16,165 - WARNING - No attachments found in email
2025-06-29 17:59:17,432 - INFO - Saved attachment: BAHANDI_Mega_Silk_Way_2024-06-27_12_22_16.726_667d5978f9a3c02af6b255b7.pdf
2025-06-29 17:59:17,434 - INFO - Saved attachment: BAHANDI_Mega_Silk_Way_2024-06-27_12_22_16.726_667d5978f9a3c02af6b255b9.pdf
2025-06-29 17:59:17,434 - ERROR - Database error: UNIQUE constraint failed: archived_emails.email_id
2025-06-29 17:59:18,412 - WARNING - No attachments found in email
2025-06-29 17:59:19,609 - INFO - Saved attachment: google-gdg-cloud-astana-presents-certification-study-group-professor-akmaral-kuatbayeva-ai-learning-
2025-06-29 17:59:19,609 - ERROR - Database error: UNIQUE constraint failed: archived_emails.email_id
2025-06-29 17:59:20,526 - WARNING - No attachments found in email
2025-06-29 17:59:21,500 - INFO - Saved attachment: google-gdg-cloud-astana-presents-certification-study-group-professor-akmaral-kuatbayeva-ai-learning-
2025-06-29 17:59:21,500 - ERROR - Database error: UNIQUE constraint failed: archived_emails.email_id
2025-06-29 17:59:22,475 - INFO - Saved attachment: google-gdg-cloud-astana-presents-google-build-with-ai-fest-2024.ics
2025-06-29 17:59:22,477 - INFO - Saved attachment: GOOGA241190267.pdf
2025-06-29 17:59:22,477 - ERROR - Database error: UNIQUE constraint failed: archived_emails.email_id
2025-06-29 17:59:23,688 - INFO - Saved attachment: Invoice-E6B44E1D-0001.pdf
2025-06-29 17:59:23,690 - INFO - Saved attachment: Refund-3274-8320.pdf
2025-06-29 17:59:23,690 - ERROR - Database error: UNIQUE constraint failed: archived_emails.email_id
2025-06-29 17:59:24,714 - INFO - Saved attachment: google-gdg-cloud-astana-presents-certification-study-group-professor-akmaral-kuatbayeva-ai-learning-
2025-06-29 17:59:24,714 - ERROR - Database error: UNIQUE constraint failed: archived_emails.email_id
2025-06-29 17:59:25,667 - WARNING - No attachments found in email
2025-06-29 17:59:26,167 - INFO - Successfully processed 7 emails
